<?xml version="1.0" encoding="UTF-8"?>
<!-- Generated by org.testng.reporters.JUnitReportReporter -->
<testsuite skipped="0" hostname="LP-5CD91295MD" name="functionality.login" tests="1" failures="0" timestamp="2022-02-18T11:06:36 IST" time="49.585" errors="0">
  <testcase name="login" time="49.585" classname="functionality.login"/>
  <system-out/>
</testsuite> <!-- functionality.login -->
